<?xml version="1.0" encoding="UTF-8"?>
<!-- Generated by org.testng.reporters.JUnitXMLReporter -->
<testsuite ignored="0" hostname="Abhijith" failures="1" tests="1" name="Test" time="5.459" errors="0" timestamp="2023-12-27T12:08:00 IST">
  <testcase classname="listener.TestScript" name="login" time="3.718">
    <failure type="java.lang.AssertionError" message="User failed to login expected [Demo Web] but found [Demo Web Shop. Login]">
      <![CDATA[java.lang.AssertionError: User failed to login expected [Demo Web] but found [Demo Web Shop. Login]
at listener.TestScript.login(TestScript.java:27)
at java.base/java.util.ArrayList.forEach(ArrayList.java:1511)
... Removed 30 stack frames]]>
    </failure>
  </testcase> <!-- login -->
</testsuite> <!-- Test -->
